[19:20:36.481] [INFO] Storybook Upgrade - v9.0.13
[19:20:36.497] [INFO] detect-projects-spinner-start: Detecting projects...
[19:20:36.499] [DEBUG] Finding Storybook projects...
[19:20:36.617] [DEBUG] Found 1 Storybook projects
[19:20:36.618] [INFO] detect-projects-spinner: Detecting projects: 1 projects
[19:20:36.618] [DEBUG] Getting Storybook data...
[19:20:36.618] [DEBUG] Getting Storybook info...
[19:20:36.619] [DEBUG] Loading main config...
[19:20:36.714] [DEBUG] Getting stories paths...
[19:20:36.727] [DEBUG] Getting package manager...
[19:20:37.075] [DEBUG] Getting Storybook version...
[19:20:37.076] [DEBUG] /.storybook - Validating before version... 8.5.6
[19:20:37.076] [DEBUG] /.storybook - Validating upgrade compatibility...
[19:20:37.076] [DEBUG] /.storybook - Fetching NPM version information...
[19:20:37.076] [DEBUG] Getting CLI versions from NPM for storybook...
[19:20:37.078] [DEBUG] Getting CLI versions from NPM for storybook@next...
[19:20:38.122] [DEBUG] /.storybook - Evaluating blockers...
[19:20:38.124] [DEBUG] Getting installed version for @storybook/experimental-addon-test...
[19:20:38.513] [INFO] detect-projects-spinner-stop: 1 project detected
[19:20:38.513] [DEBUG] Found 1 valid projects and 0 error projects
[19:20:38.513] [INFO] Upgrading from 8.5.6 to 9.0.13
[19:20:38.524] [INFO] upgrade-dependencies-task-start: Fetching versions to update package.json files..
[19:20:38.524] [DEBUG] Updating dependencies in /.storybook...
[19:20:38.534] [INFO] upgrade-dependencies-task: /package.json
[19:20:38.535] [DEBUG] {
  "upgradedDependencies": []
}
[19:20:38.535] [DEBUG] {
  "upgradedDevDependencies": [
    "@storybook/addon-a11y@^9.0.13",
    "@storybook/addon-links@^9.0.13",
    "@storybook/react@^9.0.13",
    "@storybook/react-vite@^9.0.13",
    "eslint-plugin-storybook@^9.0.13",
    "storybook@^9.0.13"
  ]
}
[19:20:38.535] [DEBUG] {
  "upgradedPeerDependencies": []
}
[19:20:38.535] [DEBUG] Getting CLI versions from NPM for @storybook/addon-a11y...
[19:20:39.485] [DEBUG] Getting CLI versions from NPM for @storybook/addon-links...
[19:20:40.400] [DEBUG] Getting CLI versions from NPM for @storybook/react...
[19:20:41.378] [DEBUG] Getting CLI versions from NPM for @storybook/react-vite...
[19:20:42.139] [DEBUG] Getting CLI versions from NPM for eslint-plugin-storybook...
[19:20:42.763] [DEBUG] Using cached version for storybook...
[19:20:42.763] [INFO] upgrade-dependencies-task-success: Updated package versions in package.json files
[19:20:42.763] [INFO] detect-automigrations-task-start: Detecting automigrations...
[19:20:42.764] [DEBUG] Starting automigration collection across 1 projects and 15 fixes...
[19:20:42.774] [INFO] detect-automigrations-task: Checking automigrations for /.storybook...
[19:20:42.774] [DEBUG] Processing project: /.storybook
[19:20:42.774] [DEBUG] Checking fix eslintPlugin for project /.storybook...
[19:20:42.778] [DEBUG] Checking fix addon-mdx-gfm-remove for project /.storybook...
[19:20:42.779] [DEBUG] Checking fix addon-storysource-code-panel for project /.storybook...
[19:20:42.779] [DEBUG] Checking fix upgrade-storybook-related-dependencies for project /.storybook...
[19:20:42.779] [DEBUG] Checking for incompatible storybook packages...
[19:20:42.780] [DEBUG] Getting installed version for @storybook/addon-essentials...
[19:20:42.781] [DEBUG] Getting installed version for @storybook/addon-interactions...
[19:20:42.782] [DEBUG] Getting installed version for @storybook/blocks...
[19:20:42.783] [DEBUG] Getting installed version for @storybook/test...
[19:20:42.784] [DEBUG] Getting installed version for msw-storybook-addon...
[19:20:43.353] [DEBUG] Getting CLI versions from NPM for @storybook/addon-essentials...
[19:20:43.361] [DEBUG] Getting CLI versions from NPM for @storybook/addon-interactions...
[19:20:43.362] [DEBUG] Getting CLI versions from NPM for @storybook/test...
[19:20:43.372] [DEBUG] Getting CLI versions from NPM for @storybook/blocks...
[19:20:43.381] [DEBUG] Getting CLI versions from NPM for msw-storybook-addon...
[19:20:46.829] [DEBUG] Checking fix initial-globals for project /.storybook...
[19:20:46.844] [DEBUG] Checking fix addon-a11y-addon-test for project /.storybook...
[19:20:46.844] [DEBUG] Checking fix consolidated-imports for project /.storybook...
[19:20:46.845] [DEBUG] Checking fix addon-experimental-test for project /.storybook...
[19:20:46.845] [DEBUG] Using cached installed version for @storybook/experimental-addon-test...
[19:20:46.845] [DEBUG] Checking fix rnstorybook-config for project /.storybook...
[19:20:46.845] [DEBUG] Checking fix remove-addon-interactions for project /.storybook...
[19:20:46.845] [DEBUG] Checking fix renderer-to-framework for project /.storybook...
[19:20:46.846] [DEBUG] Checking fix remove-essential-addons for project /.storybook...
[19:20:46.846] [DEBUG] Checking fix addon-a11y-parameters for project /.storybook...
[19:20:46.846] [DEBUG] Checking fix remove-docs-autodocs for project /.storybook...
[19:20:46.849] [DEBUG] Checking fix wrap-require for project /.storybook...
[19:20:46.863] [INFO] detect-automigrations-task: 
Automigrations detected:
[19:20:46.874] [INFO] detect-automigrations-task: ✔ upgrade-storybook-related-dependencies
[19:20:46.883] [INFO] detect-automigrations-task: ✔ consolidated-imports
[19:20:46.893] [INFO] detect-automigrations-task: ✔ remove-addon-interactions
[19:20:46.901] [INFO] detect-automigrations-task: ✔ renderer-to-framework
[19:20:46.911] [INFO] detect-automigrations-task: ✔ remove-essential-addons
[19:20:46.911] [INFO] detect-automigrations-task-success: 5 automigration(s) detected
[19:25:51.990] [PROMPT] Select automigrations to run {"choice":["remove-addon-interactions"]}
[19:25:51.991] [INFO] automigrate-/.storybook-task-start: Running automigrations for /.storybook
[19:25:51.997] [DEBUG] Uninstalling @storybook/addon-interactions
[19:25:51.997] [DEBUG] Removing '@storybook/addon-interactions' from main.js addons field.
[19:25:52.014] [INFO] automigrate-/.storybook-task: ✔ remove-addon-interactions
[19:25:52.014] [INFO] automigrate-/.storybook-task-success: Completed automigrations for /.storybook
[19:25:52.014] [INFO] Installing dependencies...
[19:25:52.014] [INFO] install-dependencies-task-start: Installing dependencies...
[19:25:52.516] [INFO] ➤ YN0000: · Yarn 4.5.0
[19:25:52.532] [INFO] install-dependencies-task: ➤ YN0000: · Yarn 4.5.0
[19:25:52.532] [INFO] ➤ YN0000: ┌ Resolution step
[19:25:52.550] [INFO] install-dependencies-task: ➤ YN0000: ┌ Resolution step
[19:25:54.758] [INFO] ➤ YN0085: │ + @storybook/addon-links@npm:9.0.13, @storybook/react-vite@npm:9.0.13, @storybook/react@npm:9.0.13, eslint-plugin-storybook@npm:9.0.13, and 49 more.
[19:25:54.770] [INFO] install-dependencies-task: ➤ YN0085: │ + @storybook/addon-links@npm:9.0.13,
@storybook/react-vite@npm:9.0.13, @storybook/react@npm:9.0.13,
eslint-plugin-storybook@npm:9.0.13, and 49 more.
[19:25:54.771] [INFO] ➤ YN0085: │ - @esbuild/aix-ppc64@npm:0.24.2, @esbuild/android-arm64@npm:0.24.2, @esbuild/android-arm@npm:0.24.2, @esbuild/android-x64@npm:0.24.2, and 45 more.
[19:25:54.786] [INFO] install-dependencies-task: ➤ YN0085: │ - @esbuild/aix-ppc64@npm:0.24.2, @esbuild/android-arm64@npm:0.24.2,
@esbuild/android-arm@npm:0.24.2, @esbuild/android-x64@npm:0.24.2, and 45 more.
[19:25:54.786] [INFO] ➤ YN0000: └ Completed in 2s 244ms
➤ YN0000: ┌ Post-resolution validation
➤ YN0060: │ storybook is listed by your project with version 9.0.13 (pca6a6), which doesn't satisfy what @storybook/addon-essentials and other dependencies request (but they have non-overlapping ranges!).
➤ YN0086: │ Some peer dependencies are incorrectly met by your project; run yarn explain peer-requirements <hash> for details, where <hash> is the six-letter p-prefixed code.
➤ YN0086: │ Some peer dependencies are incorrectly met by dependencies; run yarn explain peer-requirements for details.
➤ YN0000: └ Completed
➤ YN0000: ┌ Fetch step
[19:25:54.799] [INFO] install-dependencies-task: ➤ YN0000: └ Completed in 2s 244ms
➤ YN0000: ┌ Post-resolution validation
➤ YN0060: │ storybook is listed by your project with version 9.0.13 (pca6a6),
which doesn't satisfy what @storybook/addon-essentials and other dependencies
request (but they have non-overlapping ranges!).
➤ YN0086: │ Some peer dependencies are incorrectly met by your project; run yarn
explain peer-requirements <hash> for details, where <hash> is the six-letter
p-prefixed code.
➤ YN0086: │ Some peer dependencies are incorrectly met by dependencies; run yarn
explain peer-requirements for details.
➤ YN0000: └ Completed
➤ YN0000: ┌ Fetch step
[19:25:56.814] [INFO] ➤ YN0013: │ 29 packages were added to the project (+ 44.51 MiB).
➤ YN0000: └ Completed in 2s 39ms
[19:25:56.829] [INFO] install-dependencies-task: ➤ YN0013: │ 29 packages were added to the project (+ 44.51 MiB).
➤ YN0000: └ Completed in 2s 39ms
[19:25:56.832] [INFO] ➤ YN0000: ┌ Link step
[19:25:56.847] [INFO] install-dependencies-task: ➤ YN0000: ┌ Link step
[19:25:57.745] [INFO] ➤ YN0007: │ esbuild@npm:0.25.5 must be built because it never has been before or the last one failed
[19:25:57.762] [INFO] install-dependencies-task: ➤ YN0007: │ esbuild@npm:0.25.5 must be built because it never has been before or
the last one failed
[19:25:58.710] [INFO] ➤ YN0000: └ Completed in 1s 878ms
[19:25:58.721] [INFO] install-dependencies-task: ➤ YN0000: └ Completed in 1s 878ms
[19:25:58.753] [INFO] ➤ YN0000: · Done with warnings in 6s 238ms
[19:25:58.765] [INFO] install-dependencies-task: ➤ YN0000: · Done with warnings in 6s 238ms
[19:25:58.822] [INFO] Dependencies installed
[19:25:58.822] [INFO] install-dependencies-task-success: Dependencies installed
[19:25:58.823] [INFO] Checking the health of your project(s)..
[19:25:59.367] [WARN] /.storybook: 1 issue found
[19:25:59.379] [INFO] You are currently using Storybook 9.0.13 but you have packages which are incompatible with it:

- @storybook/addon-essentials@8.5.6 which depends on 8.5.6
 Repo: https://github.com/storybookjs/storybook/tree/next/code/addons/essentials
- @storybook/blocks@8.5.6 which depends on 0.1.12
 Repo: https://github.com/storybookjs/storybook/tree/next/code/lib/blocks
- @storybook/test@8.5.6 which depends on 0.1.12
 Repo: https://github.com/storybookjs/storybook/tree/next/code/lib/test

Please consider updating your packages or contacting the maintainers for compatibility details.

For more on Storybook 9 compatibility, see the linked GitHub issue:
https://github.com/storybookjs/storybook/issues/30944
[19:25:59.380] [INFO] Incompatible Packages
[19:25:59.395] [INFO] You are currently using Storybook 9.0.13 but you have packages which are incompatible with it:

- @storybook/addon-essentials@8.5.6 which depends on 8.5.6
 Repo: https://github.com/storybookjs/storybook/tree/next/code/addons/essentials
- @storybook/blocks@8.5.6 which depends on 0.1.12
 Repo: https://github.com/storybookjs/storybook/tree/next/code/lib/blocks
- @storybook/test@8.5.6 which depends on 0.1.12
 Repo: https://github.com/storybookjs/storybook/tree/next/code/lib/test

Please consider updating your packages or contacting the maintainers for compatibility details.

For more on Storybook 9 compatibility, see the linked GitHub issue:
https://github.com/storybookjs/storybook/issues/30944
[19:25:59.413] [INFO] Storybook doctor is complete!
[19:25:59.430] [INFO] You can always recheck the health of your project(s) by running:
npx storybook doctor
[19:25:59.448] [INFO] The upgrade is complete!
[19:25:59.464] [INFO] Your project(s) have been upgraded successfully, but some issues were found which need your attention, please check Storybook doctor logs above.
[19:25:59.496] [INFO] If you want to learn more about the automigrations that executed in your project(s), please check the following links:

• remove-addon-interactions
[19:25:59.511] [INFO] For a full list of changes, please check our migration guide: https://storybook.js.org/docs/migration-guide